<?xml version="1.0" encoding="UTF-8"?>
<!-- Generated by org.testng.reporters.JUnitXMLReporter -->
<testsuite ignored="0" hostname="LTIN326961" failures="0" tests="16" name="EMI" time="34.789" errors="0" timestamp="2021-12-28T15:22:59 IST">
  <testcase classname="com.InterestAmount.Testcases.LoanEMIUICheckTestCases" name="testopenBrowsertestCase" time="6.847"/>
  <testcase classname="com.InterestAmount.Testcases.LoanEMIUICheckTestCases" name="testloanemicalcnavigate" time="24.041"/>
  <testcase classname="com.InterestAmount.Testcases.LoanEMIUICheckTestCases" name="testfeechargesslider" time="0.218"/>
  <testcase classname="com.InterestAmount.Testcases.LoanEMIUICheckTestCases" name="testfeechargestextbox" time="0.198"/>
  <testcase classname="com.InterestAmount.Testcases.LoanEMIUICheckTestCases" name="testfeeslidercheck" time="0.555"/>
  <testcase classname="com.InterestAmount.Testcases.LoanEMIUICheckTestCases" name="testinterestrateslider" time="0.17"/>
  <testcase classname="com.InterestAmount.Testcases.LoanEMIUICheckTestCases" name="testinterestrateslidercheck" time="0.517"/>
  <testcase classname="com.InterestAmount.Testcases.LoanEMIUICheckTestCases" name="testinterestratetextbox" time="0.132"/>
  <testcase classname="com.InterestAmount.Testcases.LoanEMIUICheckTestCases" name="testloanamtslider" time="0.152"/>
  <testcase classname="com.InterestAmount.Testcases.LoanEMIUICheckTestCases" name="testloanamtslidercheck" time="0.492"/>
  <testcase classname="com.InterestAmount.Testcases.LoanEMIUICheckTestCases" name="testloanamttextbox" time="0.106"/>
  <testcase classname="com.InterestAmount.Testcases.LoanEMIUICheckTestCases" name="testloantermslider" time="0.099"/>
  <testcase classname="com.InterestAmount.Testcases.LoanEMIUICheckTestCases" name="testloantermslidercheck" time="0.484"/>
  <testcase classname="com.InterestAmount.Testcases.LoanEMIUICheckTestCases" name="testloantermtextbox" time="0.141"/>
  <testcase classname="com.InterestAmount.Testcases.LoanEMIUICheckTestCases" name="close" time="0.546"/>
  <testcase classname="com.InterestAmount.Testcases.LoanEMIUICheckTestCases" name="endReport" time="0.059"/>
</testsuite> <!-- EMI -->
