<?xml version="1.0" encoding="UTF-8"?>
<!-- Generated by org.testng.reporters.JUnitXMLReporter -->
<testsuite ignored="0" hostname="LTIN326961" failures="0" tests="15" name="homeTest" time="15.349" errors="0" timestamp="2021-12-28T15:23:14 IST">
  <testcase classname="com.InterestAmount.Testcases.LoanAmountCalculatorUICheckTestcases" name="testloancalcnavigate" time="2.377"/>
  <testcase classname="com.InterestAmount.Testcases.LoanAmountCalculatorUICheckTestcases" name="TestFeeChargeSliderCheck" time="0.612"/>
  <testcase classname="com.InterestAmount.Testcases.LoanAmountCalculatorUICheckTestcases" name="TestFeechargesSlider" time="0.195"/>
  <testcase classname="com.InterestAmount.Testcases.LoanAmountCalculatorUICheckTestcases" name="TestFeechargesTextbox" time="0.137"/>
  <testcase classname="com.InterestAmount.Testcases.LoanAmountCalculatorUICheckTestcases" name="TestLoanTenureSlidercheck" time="0.493"/>
  <testcase classname="com.InterestAmount.Testcases.LoanAmountCalculatorUICheckTestcases" name="testEMIslider" time="0.174"/>
  <testcase classname="com.InterestAmount.Testcases.LoanAmountCalculatorUICheckTestcases" name="testEMIslidercheck" time="0.49"/>
  <testcase classname="com.InterestAmount.Testcases.LoanAmountCalculatorUICheckTestcases" name="testEMItextbox" time="0.166"/>
  <testcase classname="com.InterestAmount.Testcases.LoanAmountCalculatorUICheckTestcases" name="testinterestrateslider" time="0.11"/>
  <testcase classname="com.InterestAmount.Testcases.LoanAmountCalculatorUICheckTestcases" name="testinterestrateslidercheck" time="0.462"/>
  <testcase classname="com.InterestAmount.Testcases.LoanAmountCalculatorUICheckTestcases" name="testinterestratetextbox" time="0.156"/>
  <testcase classname="com.InterestAmount.Testcases.LoanAmountCalculatorUICheckTestcases" name="testloantermslider" time="0.08"/>
  <testcase classname="com.InterestAmount.Testcases.LoanAmountCalculatorUICheckTestcases" name="testloantermtextbox" time="0.136"/>
  <testcase classname="com.InterestAmount.Testcases.LoanAmountCalculatorUICheckTestcases" name="close" time="0.464"/>
  <testcase classname="com.InterestAmount.Testcases.LoanAmountCalculatorUICheckTestcases" name="endReport" time="0.057"/>
</testsuite> <!-- homeTest -->
