<?xml version="1.0" encoding="UTF-8"?>
<!-- Generated by org.testng.reporters.JUnitXMLReporter -->
<testsuite ignored="0" hostname="LTIN276381" failures="0" tests="57" name="Default test" time="96.915" errors="0" timestamp="2022-01-04T12:21:19 IST">
  <testcase classname="com.InterestAmount.Testcases.LoanEMIUICheckTestCases" name="testopenBrowsertestCase" time="10.633"/>
  <testcase classname="com.InterestAmount.Testcases.LoanEMIUICheckTestCases" name="testloanemicalcnavigate" time="4.863"/>
  <testcase classname="com.InterestAmount.Testcases.LoanEMIUICheckTestCases" name="testfeechargesslider" time="0.505"/>
  <testcase classname="com.InterestAmount.Testcases.LoanEMIUICheckTestCases" name="testfeechargestextbox" time="0.673"/>
  <testcase classname="com.InterestAmount.Testcases.LoanEMIUICheckTestCases" name="testfeeslidercheck" time="0.848"/>
  <testcase classname="com.InterestAmount.Testcases.LoanEMIUICheckTestCases" name="testinterestrateslider" time="0.253"/>
  <testcase classname="com.InterestAmount.Testcases.LoanEMIUICheckTestCases" name="testinterestrateslidercheck" time="0.611"/>
  <testcase classname="com.InterestAmount.Testcases.LoanEMIUICheckTestCases" name="testinterestratetextbox" time="0.263"/>
  <testcase classname="com.InterestAmount.Testcases.LoanEMIUICheckTestCases" name="testloanamtslider" time="0.258"/>
  <testcase classname="com.InterestAmount.Testcases.LoanEMIUICheckTestCases" name="testloanamtslidercheck" time="0.598"/>
  <testcase classname="com.InterestAmount.Testcases.LoanEMIUICheckTestCases" name="testloanamttextbox" time="0.559"/>
  <testcase classname="com.InterestAmount.Testcases.LoanEMIUICheckTestCases" name="testloantermslider" time="0.194"/>
  <testcase classname="com.InterestAmount.Testcases.LoanEMIUICheckTestCases" name="testloantermslidercheck" time="0.589"/>
  <testcase classname="com.InterestAmount.Testcases.LoanEMIUICheckTestCases" name="testloantermtextbox" time="0.234"/>
  <testcase classname="com.InterestAmount.Testcases.LoanEMIUICheckTestCases" name="close" time="0.759"/>
  <testcase classname="com.InterestAmount.Testcases.LoanEMIUICheckTestCases" name="endReport" time="0.506"/>
  <testcase classname="com.InterestAmount.Testcases.LoanAmountCalculatorUICheckTestcases" name="testloancalcnavigate" time="4.568"/>
  <testcase classname="com.InterestAmount.Testcases.LoanAmountCalculatorUICheckTestcases" name="TestFeeChargeSliderCheck" time="0.822"/>
  <testcase classname="com.InterestAmount.Testcases.LoanAmountCalculatorUICheckTestcases" name="TestFeechargesSlider" time="0.153"/>
  <testcase classname="com.InterestAmount.Testcases.LoanAmountCalculatorUICheckTestcases" name="TestFeechargesTextbox" time="0.148"/>
  <testcase classname="com.InterestAmount.Testcases.LoanAmountCalculatorUICheckTestcases" name="TestLoanTenureSlidercheck" time="0.516"/>
  <testcase classname="com.InterestAmount.Testcases.LoanAmountCalculatorUICheckTestcases" name="testEMIslider" time="0.237"/>
  <testcase classname="com.InterestAmount.Testcases.LoanAmountCalculatorUICheckTestcases" name="testEMIslidercheck" time="0.565"/>
  <testcase classname="com.InterestAmount.Testcases.LoanAmountCalculatorUICheckTestcases" name="testEMItextbox" time="0.539"/>
  <testcase classname="com.InterestAmount.Testcases.LoanAmountCalculatorUICheckTestcases" name="testinterestrateslider" time="0.133"/>
  <testcase classname="com.InterestAmount.Testcases.LoanAmountCalculatorUICheckTestcases" name="testinterestrateslidercheck" time="0.501"/>
  <testcase classname="com.InterestAmount.Testcases.LoanAmountCalculatorUICheckTestcases" name="testinterestratetextbox" time="0.199"/>
  <testcase classname="com.InterestAmount.Testcases.LoanAmountCalculatorUICheckTestcases" name="testloantermslider" time="0.123"/>
  <testcase classname="com.InterestAmount.Testcases.LoanAmountCalculatorUICheckTestcases" name="testloantermtextbox" time="0.142"/>
  <testcase classname="com.InterestAmount.Testcases.LoanAmountCalculatorUICheckTestcases" name="close" time="0.799"/>
  <testcase classname="com.InterestAmount.Testcases.LoanAmountCalculatorUICheckTestcases" name="endReport" time="0.121"/>
  <testcase classname="com.InterestAmount.Testcases.LoanTenureCalculatorUICheckTestCases" name="openBrowsertestCase" time="10.437"/>
  <testcase classname="com.InterestAmount.Testcases.LoanTenureCalculatorUICheckTestCases" name="testloanTenurenavigate" time="4.25"/>
  <testcase classname="com.InterestAmount.Testcases.LoanTenureCalculatorUICheckTestCases" name="testEMItextbox" time="0.137"/>
  <testcase classname="com.InterestAmount.Testcases.LoanTenureCalculatorUICheckTestCases" name="testemislider" time="0.16"/>
  <testcase classname="com.InterestAmount.Testcases.LoanTenureCalculatorUICheckTestCases" name="testemislidercheck" time="0.593"/>
  <testcase classname="com.InterestAmount.Testcases.LoanTenureCalculatorUICheckTestCases" name="testfeechargesslider" time="0.267"/>
  <testcase classname="com.InterestAmount.Testcases.LoanTenureCalculatorUICheckTestCases" name="testfeechargestextbox" time="0.163"/>
  <testcase classname="com.InterestAmount.Testcases.LoanTenureCalculatorUICheckTestCases" name="testfeeslidercheck" time="0.68"/>
  <testcase classname="com.InterestAmount.Testcases.LoanTenureCalculatorUICheckTestCases" name="testinterestRatetextbox" time="0.196"/>
  <testcase classname="com.InterestAmount.Testcases.LoanTenureCalculatorUICheckTestCases" name="testloanAmountslider" time="0.197"/>
  <testcase classname="com.InterestAmount.Testcases.LoanTenureCalculatorUICheckTestCases" name="testloanAmountslidercheck" time="0.52"/>
  <testcase classname="com.InterestAmount.Testcases.LoanTenureCalculatorUICheckTestCases" name="testloanAmounttextbox" time="0.563"/>
  <testcase classname="com.InterestAmount.Testcases.LoanTenureCalculatorUICheckTestCases" name="testloantermslider" time="0.138"/>
  <testcase classname="com.InterestAmount.Testcases.LoanTenureCalculatorUICheckTestCases" name="testloantermslidercheck" time="0.517"/>
  <testcase classname="com.InterestAmount.Testcases.LoanTenureCalculatorUICheckTestCases" name="testclose" time="0.679"/>
  <testcase classname="com.InterestAmount.Testcases.LoanTenureCalculatorUICheckTestCases" name="testendReport" time="0.108"/>
  <testcase classname="com.InterestAmount.Testcases.HomeLoanCalculatorTestCases" name="testopenBrowser" time="9.814"/>
  <testcase classname="com.InterestAmount.Testcases.HomeLoanCalculatorTestCases" name="testHomeEmi" time="3.198"/>
  <testcase classname="com.InterestAmount.Testcases.HomeLoanCalculatorTestCases" name="testdataexport" time="5.067"/>
  <testcase classname="com.InterestAmount.Testcases.HomeLoanCalculatorTestCases" name="close" time="0.69"/>
  <testcase classname="com.InterestAmount.Testcases.HomeLoanCalculatorTestCases" name="endReport" time="0.085"/>
  <testcase classname="com.InterestAmount.Testcases.CarLoanTestCases" name="openBrowsertestCase" time="10.215"/>
  <testcase classname="com.InterestAmount.Testcases.CarLoanTestCases" name="carEMIFormtestCase" time="2.14"/>
  <testcase classname="com.InterestAmount.Testcases.CarLoanTestCases" name="getdatatestcase" time="0.76"/>
  <testcase classname="com.InterestAmount.Testcases.CarLoanTestCases" name="closetestcase" time="0.632"/>
  <testcase classname="com.InterestAmount.Testcases.CarLoanTestCases" name="endReportestcase" time="0.116"/>
</testsuite> <!-- Default test -->
